\BOOKMARK [1][-]{section.1}{\376\377\140\073\211\310}{}% 1
\BOOKMARK [2][-]{subsection.1.1}{\376\377\135\345\117\134\151\202\211\201}{section.1}% 2
\BOOKMARK [2][-]{subsection.1.2}{\376\377\121\205\133\271\150\106\147\266}{section.1}% 3
\BOOKMARK [2][-]{subsection.1.3}{\376\377\136\246\221\317\145\160\120\074}{section.1}% 4
\BOOKMARK [1][-]{section.2}{\376\377\125\106\116\032\152\041\137\017\163\257\130\203}{}% 5
\BOOKMARK [2][-]{subsection.2.1}{\376\377\136\002\127\072\137\161\124\315\122\233}{section.2}% 6
\BOOKMARK [3][-]{subsubsection.2.1.1}{\376\377\136\002\127\072\225\356\230\230}{subsection.2.1}% 7
\BOOKMARK [3][-]{subsubsection.2.1.2}{\376\377\136\002\127\072\122\006\174\173}{subsection.2.1}% 8
\BOOKMARK [3][-]{subsubsection.2.1.3}{\376\377\227\000\154\102\124\214\213\311\154\102}{subsection.2.1}% 9
\BOOKMARK [3][-]{subsubsection.2.1.4}{\376\377\122\007\143\142\124\214\142\020\147\054}{subsection.2.1}% 10
\BOOKMARK [3][-]{subsubsection.2.1.5}{\376\377\145\066\121\145\124\214\124\070\137\025\122\233}{subsection.2.1}% 11
\BOOKMARK [2][-]{subsection.2.2}{\376\377\210\114\116\032\137\161\124\315\122\233}{section.2}% 12
\BOOKMARK [3][-]{subsubsection.2.2.1}{\376\377\172\336\116\211\133\371\142\113}{subsection.2.2}% 13
\BOOKMARK [3][-]{subsubsection.2.2.2}{\376\377\210\114\116\032\145\260\217\333\121\145\200\005}{subsection.2.2}% 14
\BOOKMARK [3][-]{subsubsection.2.2.3}{\376\377\146\377\116\343\140\047\116\247\124\301\116\016\147\015\122\241}{subsection.2.2}% 15
\BOOKMARK [3][-]{subsubsection.2.2.4}{\376\377\117\233\136\224\125\106\124\214\121\166\116\326\116\367\120\074\224\376\123\302\116\016\200\005}{subsection.2.2}% 16
\BOOKMARK [3][-]{subsubsection.2.2.5}{\376\377\122\051\166\312\166\370\121\163\200\005}{subsection.2.2}% 17
\BOOKMARK [2][-]{subsection.2.3}{\376\377\121\163\225\056\215\213\122\277}{section.2}% 18
\BOOKMARK [3][-]{subsubsection.2.3.1}{\376\377\142\200\147\057\215\213\122\277}{subsection.2.3}% 19
\BOOKMARK [3][-]{subsubsection.2.3.2}{\376\377\210\114\116\032\173\241\164\006\215\213\122\277}{subsection.2.3}% 20
\BOOKMARK [3][-]{subsubsection.2.3.3}{\376\377\210\114\116\032\173\241\164\006\215\213\122\277}{subsection.2.3}% 21
\BOOKMARK [3][-]{subsubsection.2.3.4}{\376\377\171\076\117\032\176\317\155\116\215\213\122\277}{subsection.2.3}% 22
\BOOKMARK [2][-]{subsection.2.4}{\376\377\133\217\211\302\176\317\155\116\137\161\124\315}{section.2}% 23
\BOOKMARK [3][-]{subsubsection.2.4.1}{\376\377\121\150\164\003\136\002\127\072\140\305\121\265}{subsection.2.4}% 24
\BOOKMARK [3][-]{subsubsection.2.4.2}{\376\377\215\104\147\054\136\002\127\072}{subsection.2.4}% 25
\BOOKMARK [3][-]{subsubsection.2.4.3}{\376\377\131\047\133\227\125\106\124\301\124\214\121\166\116\326\215\104\156\220}{subsection.2.4}% 26
\BOOKMARK [3][-]{subsubsection.2.4.4}{\376\377\176\317\155\116\127\372\170\100\213\276\145\275}{subsection.2.4}% 27
\BOOKMARK [1][-]{section.3}{\376\377\213\304\117\060\125\106\116\032\152\041\137\017}{}% 28
\BOOKMARK [2][-]{subsection.3.1}{\376\377\140\073\117\123\213\304\117\060}{section.3}% 29
\BOOKMARK [2][-]{subsection.3.2}{\376\377\000S\000W\000O\000T\122\006\147\220}{section.3}% 30
\BOOKMARK [2][-]{subsection.3.3}{\376\377\147\072\117\032\213\304\117\060}{section.3}% 31
\BOOKMARK [3][-]{subsubsection.3.3.1}{\376\377\116\367\120\074\116\073\137\040\116\055\166\204\147\072\117\032}{subsection.3.3}% 32
\BOOKMARK [3][-]{subsubsection.3.3.2}{\376\377\142\020\147\054\145\066\121\145\116\055\166\204\147\072\117\032}{subsection.3.3}% 33
\BOOKMARK [3][-]{subsubsection.3.3.3}{\376\377\127\372\170\100\213\276\145\275\116\055\166\204\147\072\117\032}{subsection.3.3}% 34
\BOOKMARK [3][-]{subsubsection.3.3.4}{\376\377\133\242\142\067\165\114\227\142\116\055\166\204\147\072\117\032}{subsection.3.3}% 35
\BOOKMARK [2][-]{subsection.3.4}{\376\377\213\304\117\060\132\001\200\301}{section.3}% 36
\BOOKMARK [3][-]{subsubsection.3.4.1}{\376\377\133\371\116\367\120\074\116\073\137\040\166\204\132\001\200\301}{subsection.3.4}% 37
\BOOKMARK [3][-]{subsubsection.3.4.2}{\376\377\142\020\147\054\145\066\121\145\166\204\132\001\200\301}{subsection.3.4}% 38
\BOOKMARK [3][-]{subsubsection.3.4.3}{\376\377\127\372\170\100\213\276\145\275\166\204\132\001\200\301}{subsection.3.4}% 39
\BOOKMARK [3][-]{subsubsection.3.4.4}{\376\377\133\242\142\067\165\114\227\142\116\012\166\204\132\001\200\301}{subsection.3.4}% 40
\BOOKMARK [1][-]{section.4}{\376\377\204\335\155\167\142\030\165\145}{}% 41
\BOOKMARK [2][-]{subsection.4.1}{\376\377\142\020\147\054\137\161\124\315}{section.4}% 42
\BOOKMARK [2][-]{subsection.4.2}{\376\377\133\371\133\242\142\067\166\204\137\161\124\315}{section.4}% 43
\BOOKMARK [2][-]{subsection.4.3}{\376\377\116\367\120\074\116\073\137\040}{section.4}% 44
\BOOKMARK [1][-]{section.5}{\376\377\165\073\136\003\146\364\145\260}{}% 45
\BOOKMARK [2][-]{subsection.5.1}{\376\377\145\164\117\123\143\317\217\360}{section.5}% 46
\BOOKMARK [2][-]{subsection.5.2}{\376\377\165\073\136\003\146\364\145\260\123\357\211\306\123\026}{section.5}% 47
